 => Starting WildFly-Arquillian container from
        /home/nstickney/Projects/CyBearPit/containers/wildfly/arqtest
Running beanpoll-arqtest-wildfly from beanpoll-arqtest-wildfly...
87f0345285388bcd47861cd7e5c3385969f77fe3465b8755e6e7eb9dff110f70
[INFO] Scanning for projects...
[INFO] 
[INFO] ------------------------------------------------------------------------
[INFO] Building BeanPoll 0.0.1.Snapshot
[INFO] ------------------------------------------------------------------------
[INFO] 
[INFO] --- maven-clean-plugin:2.5:clean (default-clean) @ beanpoll ---
[INFO] Deleting /home/nstickney/Projects/CyBearPit/beanpoll/target
[INFO] 
[INFO] --- maven-resources-plugin:2.6:resources (default-resources) @ beanpoll ---
[INFO] Using 'UTF-8' encoding to copy filtered resources.
[INFO] Copying 3 resources
[INFO] 
[INFO] --- maven-compiler-plugin:3.7.0:compile (default-compile) @ beanpoll ---
[INFO] Changes detected - recompiling the module!
[INFO] Compiling 107 source files to /home/nstickney/Projects/CyBearPit/beanpoll/target/classes
[INFO] 
[INFO] --- maven-resources-plugin:2.6:testResources (default-testResources) @ beanpoll ---
[INFO] Using 'UTF-8' encoding to copy filtered resources.
[INFO] Copying 4 resources
[INFO] 
[INFO] --- maven-compiler-plugin:3.7.0:testCompile (default-testCompile) @ beanpoll ---
[INFO] Changes detected - recompiling the module!
[INFO] Compiling 15 source files to /home/nstickney/Projects/CyBearPit/beanpoll/target/test-classes
[INFO] 
[INFO] --- maven-surefire-plugin:2.12.4:test (default-test) @ beanpoll ---
[INFO] Surefire report directory: /home/nstickney/Projects/CyBearPit/beanpoll/target/surefire-reports

-------------------------------------------------------
 T E S T S
-------------------------------------------------------
Running is.stma.beanpoll.test.CapturedTest
Tests run: 6, Failures: 0, Errors: 0, Skipped: 0, Time elapsed: 10.248 sec
Running is.stma.beanpoll.test.ParameterTest
Tests run: 5, Failures: 0, Errors: 0, Skipped: 0, Time elapsed: 3.942 sec
Running is.stma.beanpoll.test.ContestTest
Tests run: 6, Failures: 0, Errors: 0, Skipped: 0, Time elapsed: 3.345 sec
Running is.stma.beanpoll.test.HTTPUtilityTest
Tests run: 6, Failures: 0, Errors: 0, Skipped: 0, Time elapsed: 4.056 sec
Running is.stma.beanpoll.test.DNSUtilityTest
Tests run: 7, Failures: 0, Errors: 0, Skipped: 0, Time elapsed: 7.146 sec
Running is.stma.beanpoll.test.AnnouncementTest
Tests run: 5, Failures: 0, Errors: 0, Skipped: 0, Time elapsed: 3.201 sec
Running is.stma.beanpoll.test.PollTest
Tests run: 5, Failures: 0, Errors: 0, Skipped: 0, Time elapsed: 4.247 sec
Running is.stma.beanpoll.test.ReportTest
Tests run: 5, Failures: 0, Errors: 0, Skipped: 0, Time elapsed: 7.451 sec
Running is.stma.beanpoll.test.HTTPPollerTest
Tests run: 7, Failures: 1, Errors: 0, Skipped: 0, Time elapsed: 11.555 sec <<< FAILURE!
testHTTPSpecificResolver(is.stma.beanpoll.test.HTTPPollerTest)  Time elapsed: 4.318 sec  <<< FAILURE!
java.lang.AssertionError
	at org.junit.Assert.fail(Assert.java:86)
	at org.junit.Assert.assertTrue(Assert.java:41)
	at org.junit.Assert.assertTrue(Assert.java:52)
	at is.stma.beanpoll.test.HTTPPollerTest.testHTTPSpecificResolver(HTTPPollerTest.java:160)
	at sun.reflect.NativeMethodAccessorImpl.invoke0(Native Method)
	at sun.reflect.NativeMethodAccessorImpl.invoke(NativeMethodAccessorImpl.java:62)
	at sun.reflect.DelegatingMethodAccessorImpl.invoke(DelegatingMethodAccessorImpl.java:43)
	at java.lang.reflect.Method.invoke(Method.java:498)
	at org.junit.runners.model.FrameworkMethod$1.runReflectiveCall(FrameworkMethod.java:47)
	at org.junit.internal.runners.model.ReflectiveCallable.run(ReflectiveCallable.java:12)
	at org.junit.runners.model.FrameworkMethod.invokeExplosively(FrameworkMethod.java:44)
	at org.jboss.arquillian.junit.Arquillian$6$1.invoke(Arquillian.java:270)
	at org.jboss.arquillian.container.test.impl.execution.LocalTestExecuter.execute(LocalTestExecuter.java:60)
	at sun.reflect.NativeMethodAccessorImpl.invoke0(Native Method)
	at sun.reflect.NativeMethodAccessorImpl.invoke(NativeMethodAccessorImpl.java:62)
	at sun.reflect.DelegatingMethodAccessorImpl.invoke(DelegatingMethodAccessorImpl.java:43)
	at java.lang.reflect.Method.invoke(Method.java:498)
	at org.jboss.arquillian.core.impl.ObserverImpl.invoke(ObserverImpl.java:94)
	at org.jboss.arquillian.core.impl.EventContextImpl.invokeObservers(EventContextImpl.java:99)
	at org.jboss.arquillian.core.impl.EventContextImpl.proceed(EventContextImpl.java:81)
	at org.jboss.arquillian.core.impl.ManagerImpl.fire(ManagerImpl.java:135)
	at org.jboss.arquillian.core.impl.ManagerImpl.fire(ManagerImpl.java:115)
	at org.jboss.arquillian.core.impl.EventImpl.fire(EventImpl.java:67)
	at org.jboss.arquillian.container.test.impl.execution.ContainerTestExecuter.execute(ContainerTestExecuter.java:38)
	at sun.reflect.NativeMethodAccessorImpl.invoke0(Native Method)
	at sun.reflect.NativeMethodAccessorImpl.invoke(NativeMethodAccessorImpl.java:62)
	at sun.reflect.DelegatingMethodAccessorImpl.invoke(DelegatingMethodAccessorImpl.java:43)
	at java.lang.reflect.Method.invoke(Method.java:498)
	at org.jboss.arquillian.core.impl.ObserverImpl.invoke(ObserverImpl.java:94)
	at org.jboss.arquillian.core.impl.EventContextImpl.invokeObservers(EventContextImpl.java:99)
	at org.jboss.arquillian.core.impl.EventContextImpl.proceed(EventContextImpl.java:81)
	at org.jboss.arquillian.test.impl.TestContextHandler.createTestContext(TestContextHandler.java:102)
	at sun.reflect.NativeMethodAccessorImpl.invoke0(Native Method)
	at sun.reflect.NativeMethodAccessorImpl.invoke(NativeMethodAccessorImpl.java:62)
	at sun.reflect.DelegatingMethodAccessorImpl.invoke(DelegatingMethodAccessorImpl.java:43)
	at java.lang.reflect.Method.invoke(Method.java:498)
	at org.jboss.arquillian.core.impl.ObserverImpl.invoke(ObserverImpl.java:94)
	at org.jboss.arquillian.core.impl.EventContextImpl.proceed(EventContextImpl.java:88)
	at org.jboss.arquillian.test.impl.TestContextHandler.createClassContext(TestContextHandler.java:84)
	at sun.reflect.NativeMethodAccessorImpl.invoke0(Native Method)
	at sun.reflect.NativeMethodAccessorImpl.invoke(NativeMethodAccessorImpl.java:62)
	at sun.reflect.DelegatingMethodAccessorImpl.invoke(DelegatingMethodAccessorImpl.java:43)
	at java.lang.reflect.Method.invoke(Method.java:498)
	at org.jboss.arquillian.core.impl.ObserverImpl.invoke(ObserverImpl.java:94)
	at org.jboss.arquillian.core.impl.EventContextImpl.proceed(EventContextImpl.java:88)
	at org.jboss.arquillian.test.impl.TestContextHandler.createSuiteContext(TestContextHandler.java:65)
	at sun.reflect.NativeMethodAccessorImpl.invoke0(Native Method)
	at sun.reflect.NativeMethodAccessorImpl.invoke(NativeMethodAccessorImpl.java:62)
	at sun.reflect.DelegatingMethodAccessorImpl.invoke(DelegatingMethodAccessorImpl.java:43)
	at java.lang.reflect.Method.invoke(Method.java:498)
	at org.jboss.arquillian.core.impl.ObserverImpl.invoke(ObserverImpl.java:94)
	at org.jboss.arquillian.core.impl.EventContextImpl.proceed(EventContextImpl.java:88)
	at org.jboss.arquillian.core.impl.ManagerImpl.fire(ManagerImpl.java:135)
	at org.jboss.arquillian.test.impl.EventTestRunnerAdaptor.test(EventTestRunnerAdaptor.java:111)
	at org.jboss.arquillian.junit.Arquillian$6.evaluate(Arquillian.java:263)
	at org.jboss.arquillian.junit.Arquillian$4.evaluate(Arquillian.java:226)
	at org.jboss.arquillian.junit.Arquillian.multiExecute(Arquillian.java:314)
	at org.jboss.arquillian.junit.Arquillian.access$100(Arquillian.java:46)
	at org.jboss.arquillian.junit.Arquillian$5.evaluate(Arquillian.java:240)
	at org.junit.runners.ParentRunner.runLeaf(ParentRunner.java:271)
	at org.junit.runners.BlockJUnit4ClassRunner.runChild(BlockJUnit4ClassRunner.java:70)
	at org.junit.runners.BlockJUnit4ClassRunner.runChild(BlockJUnit4ClassRunner.java:50)
	at org.junit.runners.ParentRunner$3.run(ParentRunner.java:238)
	at org.junit.runners.ParentRunner$1.schedule(ParentRunner.java:63)
	at org.junit.runners.ParentRunner.runChildren(ParentRunner.java:236)
	at org.junit.runners.ParentRunner.access$000(ParentRunner.java:53)
	at org.junit.runners.ParentRunner$2.evaluate(ParentRunner.java:229)
	at org.jboss.arquillian.junit.Arquillian$2.evaluate(Arquillian.java:185)
	at org.jboss.arquillian.junit.Arquillian.multiExecute(Arquillian.java:314)
	at org.jboss.arquillian.junit.Arquillian.access$100(Arquillian.java:46)
	at org.jboss.arquillian.junit.Arquillian$3.evaluate(Arquillian.java:199)
	at org.junit.runners.ParentRunner.run(ParentRunner.java:309)
	at org.jboss.arquillian.junit.Arquillian.run(Arquillian.java:147)
	at org.junit.runner.JUnitCore.run(JUnitCore.java:160)
	at org.junit.runner.JUnitCore.run(JUnitCore.java:138)
	at org.jboss.arquillian.junit.container.JUnitTestRunner.execute(JUnitTestRunner.java:65)
	at org.jboss.arquillian.protocol.servlet.runner.ServletTestRunner.executeTest(ServletTestRunner.java:160)
	at org.jboss.arquillian.protocol.servlet.runner.ServletTestRunner.execute(ServletTestRunner.java:126)
	at org.jboss.arquillian.protocol.servlet.runner.ServletTestRunner.doGet(ServletTestRunner.java:90)
	at javax.servlet.http.HttpServlet.service(HttpServlet.java:687)
	at javax.servlet.http.HttpServlet.service(HttpServlet.java:790)
	at io.undertow.servlet.handlers.ServletHandler.handleRequest(ServletHandler.java:74)
	at io.undertow.servlet.handlers.security.ServletSecurityRoleHandler.handleRequest(ServletSecurityRoleHandler.java:62)
	at io.undertow.servlet.handlers.ServletChain$1.handleRequest(ServletChain.java:67)
	at io.undertow.servlet.handlers.ServletDispatchingHandler.handleRequest(ServletDispatchingHandler.java:36)
	at org.wildfly.extension.undertow.security.SecurityContextAssociationHandler.handleRequest(SecurityContextAssociationHandler.java:78)
	at io.undertow.server.handlers.PredicateHandler.handleRequest(PredicateHandler.java:43)
	at io.undertow.servlet.handlers.security.SSLInformationAssociationHandler.handleRequest(SSLInformationAssociationHandler.java:131)
	at io.undertow.servlet.handlers.security.ServletAuthenticationCallHandler.handleRequest(ServletAuthenticationCallHandler.java:57)
	at io.undertow.server.handlers.PredicateHandler.handleRequest(PredicateHandler.java:43)
	at io.undertow.security.handlers.AbstractConfidentialityHandler.handleRequest(AbstractConfidentialityHandler.java:46)
	at io.undertow.servlet.handlers.security.ServletConfidentialityConstraintHandler.handleRequest(ServletConfidentialityConstraintHandler.java:64)
	at io.undertow.security.handlers.AuthenticationMechanismsHandler.handleRequest(AuthenticationMechanismsHandler.java:60)
	at io.undertow.servlet.handlers.security.CachedAuthenticatedSessionHandler.handleRequest(CachedAuthenticatedSessionHandler.java:77)
	at io.undertow.security.handlers.NotificationReceiverHandler.handleRequest(NotificationReceiverHandler.java:50)
	at io.undertow.security.handlers.AbstractSecurityContextAssociationHandler.handleRequest(AbstractSecurityContextAssociationHandler.java:43)
	at io.undertow.server.handlers.PredicateHandler.handleRequest(PredicateHandler.java:43)
	at org.wildfly.extension.undertow.security.jacc.JACCContextIdHandler.handleRequest(JACCContextIdHandler.java:61)
	at io.undertow.server.handlers.PredicateHandler.handleRequest(PredicateHandler.java:43)
	at org.wildfly.extension.undertow.deployment.GlobalRequestControllerHandler.handleRequest(GlobalRequestControllerHandler.java:68)
	at io.undertow.server.handlers.PredicateHandler.handleRequest(PredicateHandler.java:43)
	at io.undertow.servlet.handlers.ServletInitialHandler.handleFirstRequest(ServletInitialHandler.java:292)
	at io.undertow.servlet.handlers.ServletInitialHandler.access$100(ServletInitialHandler.java:81)
	at io.undertow.servlet.handlers.ServletInitialHandler$2.call(ServletInitialHandler.java:138)
	at io.undertow.servlet.handlers.ServletInitialHandler$2.call(ServletInitialHandler.java:135)
	at io.undertow.servlet.core.ServletRequestContextThreadSetupAction$1.call(ServletRequestContextThreadSetupAction.java:48)
	at io.undertow.servlet.core.ContextClassLoaderSetupAction$1.call(ContextClassLoaderSetupAction.java:43)
	at org.wildfly.extension.undertow.security.SecurityContextThreadSetupAction.lambda$create$0(SecurityContextThreadSetupAction.java:105)
	at org.wildfly.extension.undertow.deployment.UndertowDeploymentInfoService$UndertowThreadSetupAction.lambda$create$0(UndertowDeploymentInfoService.java:1526)
	at org.wildfly.extension.undertow.deployment.UndertowDeploymentInfoService$UndertowThreadSetupAction.lambda$create$0(UndertowDeploymentInfoService.java:1526)
	at org.wildfly.extension.undertow.deployment.UndertowDeploymentInfoService$UndertowThreadSetupAction.lambda$create$0(UndertowDeploymentInfoService.java:1526)
	at org.wildfly.extension.undertow.deployment.UndertowDeploymentInfoService$UndertowThreadSetupAction.lambda$create$0(UndertowDeploymentInfoService.java:1526)
	at org.wildfly.extension.undertow.deployment.UndertowDeploymentInfoService$UndertowThreadSetupAction.lambda$create$0(UndertowDeploymentInfoService.java:1526)
	at io.undertow.servlet.handlers.ServletInitialHandler.dispatchRequest(ServletInitialHandler.java:272)
	at io.undertow.servlet.handlers.ServletInitialHandler.access$000(ServletInitialHandler.java:81)
	at io.undertow.servlet.handlers.ServletInitialHandler$1.handleRequest(ServletInitialHandler.java:104)
	at io.undertow.server.Connectors.executeRootHandler(Connectors.java:360)
	at io.undertow.server.HttpServerExchange$1.run(HttpServerExchange.java:830)
	at org.jboss.threads.ContextClassLoaderSavingRunnable.run(ContextClassLoaderSavingRunnable.java:35)
	at org.jboss.threads.EnhancedQueueExecutor.safeRun(EnhancedQueueExecutor.java:1985)
	at org.jboss.threads.EnhancedQueueExecutor$ThreadBody.doRunTask(EnhancedQueueExecutor.java:1487)
	at org.jboss.threads.EnhancedQueueExecutor$ThreadBody.run(EnhancedQueueExecutor.java:1378)
	at java.lang.Thread.run(Thread.java:748)

Running is.stma.beanpoll.test.ResourceTest
Tests run: 5, Failures: 0, Errors: 0, Skipped: 0, Time elapsed: 5.164 sec
Running is.stma.beanpoll.test.TeamTest
Tests run: 9, Failures: 0, Errors: 0, Skipped: 0, Time elapsed: 6.371 sec
Running is.stma.beanpoll.test.CapturableTest
Tests run: 9, Failures: 0, Errors: 0, Skipped: 0, Time elapsed: 5.351 sec
Running is.stma.beanpoll.test.DNSPollerTest
Tests run: 2, Failures: 0, Errors: 0, Skipped: 0, Time elapsed: 5.068 sec
Running is.stma.beanpoll.test.ResponseTest
Tests run: 5, Failures: 0, Errors: 3, Skipped: 0, Time elapsed: 4.883 sec <<< FAILURE!
testResponseUpdate(is.stma.beanpoll.test.ResponseTest)  Time elapsed: 0.475 sec  <<< ERROR!
javax.ejb.EJBException: javax.validation.ValidationException: string is null
	at org.jboss.as.ejb3.tx.CMTTxInterceptor.handleExceptionInOurTx(CMTTxInterceptor.java:186)
	at org.jboss.as.ejb3.tx.CMTTxInterceptor.invokeInOurTx(CMTTxInterceptor.java:275)
	at org.jboss.as.ejb3.tx.CMTTxInterceptor.required(CMTTxInterceptor.java:330)
	at org.jboss.as.ejb3.tx.CMTTxInterceptor.processInvocation(CMTTxInterceptor.java:238)
	at org.jboss.invocation.InterceptorContext.proceed(InterceptorContext.java:422)
	at org.jboss.invocation.InterceptorContext$Invocation.proceed(InterceptorContext.java:509)
	at org.jboss.weld.module.ejb.AbstractEJBRequestScopeActivationInterceptor.aroundInvoke(AbstractEJBRequestScopeActivationInterceptor.java:72)
	at org.jboss.as.weld.ejb.EjbRequestScopeActivationInterceptor.processInvocation(EjbRequestScopeActivationInterceptor.java:89)
	at org.jboss.invocation.InterceptorContext.proceed(InterceptorContext.java:422)
	at org.jboss.as.ejb3.component.interceptors.CurrentInvocationContextInterceptor.processInvocation(CurrentInvocationContextInterceptor.java:41)
	at org.jboss.invocation.InterceptorContext.proceed(InterceptorContext.java:422)
	at org.jboss.as.ejb3.component.invocationmetrics.WaitTimeInterceptor.processInvocation(WaitTimeInterceptor.java:47)
	at org.jboss.invocation.InterceptorContext.proceed(InterceptorContext.java:422)
	at org.jboss.as.ejb3.security.SecurityContextInterceptor.processInvocation(SecurityContextInterceptor.java:100)
	at org.jboss.invocation.InterceptorContext.proceed(InterceptorContext.java:422)
	at org.jboss.as.ejb3.deployment.processors.StartupAwaitInterceptor.processInvocation(StartupAwaitInterceptor.java:22)
	at org.jboss.invocation.InterceptorContext.proceed(InterceptorContext.java:422)
	at org.jboss.as.ejb3.component.interceptors.ShutDownInterceptorFactory$1.processInvocation(ShutDownInterceptorFactory.java:64)
	at org.jboss.invocation.InterceptorContext.proceed(InterceptorContext.java:422)
	at org.jboss.as.ejb3.component.interceptors.LoggingInterceptor.processInvocation(LoggingInterceptor.java:67)
	at org.jboss.invocation.InterceptorContext.proceed(InterceptorContext.java:422)
	at org.jboss.as.ee.component.NamespaceContextInterceptor.processInvocation(NamespaceContextInterceptor.java:50)
	at org.jboss.invocation.InterceptorContext.proceed(InterceptorContext.java:422)
	at org.jboss.as.ejb3.component.interceptors.AdditionalSetupInterceptor.processInvocation(AdditionalSetupInterceptor.java:54)
	at org.jboss.invocation.InterceptorContext.proceed(InterceptorContext.java:422)
	at org.jboss.invocation.ContextClassLoaderInterceptor.processInvocation(ContextClassLoaderInterceptor.java:60)
	at org.jboss.invocation.InterceptorContext.proceed(InterceptorContext.java:422)
	at org.jboss.invocation.InterceptorContext.run(InterceptorContext.java:438)
	at org.wildfly.security.manager.WildFlySecurityManager.doChecked(WildFlySecurityManager.java:619)
	at org.jboss.invocation.AccessCheckingInterceptor.processInvocation(AccessCheckingInterceptor.java:57)
	at org.jboss.invocation.InterceptorContext.proceed(InterceptorContext.java:422)
	at org.jboss.invocation.ChainedInterceptor.processInvocation(ChainedInterceptor.java:53)
	at org.jboss.as.ee.component.ViewService$View.invoke(ViewService.java:198)
	at org.jboss.as.ee.component.ViewDescription$1.processInvocation(ViewDescription.java:185)
	at org.jboss.as.ee.component.ProxyInvocationHandler.invoke(ProxyInvocationHandler.java:81)
	at is.stma.beanpoll.service.TaskService$$$view139.create(Unknown Source)
	at sun.reflect.NativeMethodAccessorImpl.invoke0(Native Method)
	at sun.reflect.NativeMethodAccessorImpl.invoke(NativeMethodAccessorImpl.java:62)
	at sun.reflect.DelegatingMethodAccessorImpl.invoke(DelegatingMethodAccessorImpl.java:43)
	at java.lang.reflect.Method.invoke(Method.java:498)
	at org.jboss.weld.util.reflection.Reflections.invokeAndUnwrap(Reflections.java:411)
	at org.jboss.weld.module.ejb.EnterpriseBeanProxyMethodHandler.invoke(EnterpriseBeanProxyMethodHandler.java:134)
	at org.jboss.weld.bean.proxy.EnterpriseTargetBeanInstance.invoke(EnterpriseTargetBeanInstance.java:56)
	at org.jboss.weld.module.ejb.InjectionPointPropagatingEnterpriseTargetBeanInstance.invoke(InjectionPointPropagatingEnterpriseTargetBeanInstance.java:68)
	at org.jboss.weld.bean.proxy.ProxyMethodHandler.invoke(ProxyMethodHandler.java:106)
	at is.stma.beanpoll.service.TaskService$Proxy$_$$_Weld$EnterpriseProxy$.create(Unknown Source)
	at is.stma.beanpoll.test.ResponseTest.setUp(ResponseTest.java:111)
	at sun.reflect.NativeMethodAccessorImpl.invoke0(Native Method)
	at sun.reflect.NativeMethodAccessorImpl.invoke(NativeMethodAccessorImpl.java:62)
	at sun.reflect.DelegatingMethodAccessorImpl.invoke(DelegatingMethodAccessorImpl.java:43)
	at java.lang.reflect.Method.invoke(Method.java:498)
	at org.junit.runners.model.FrameworkMethod$1.runReflectiveCall(FrameworkMethod.java:47)
	at org.junit.internal.runners.model.ReflectiveCallable.run(ReflectiveCallable.java:12)
	at org.junit.runners.model.FrameworkMethod.invokeExplosively(FrameworkMethod.java:44)
	at org.junit.internal.runners.statements.RunBefores.evaluate(RunBefores.java:24)
	at org.jboss.arquillian.junit.Arquillian$StatementLifecycleExecutor.invoke(Arquillian.java:351)
	at org.jboss.arquillian.container.test.impl.execution.BeforeLifecycleEventExecuter.on(BeforeLifecycleEventExecuter.java:35)
	at sun.reflect.NativeMethodAccessorImpl.invoke0(Native Method)
	at sun.reflect.NativeMethodAccessorImpl.invoke(NativeMethodAccessorImpl.java:62)
	at sun.reflect.DelegatingMethodAccessorImpl.invoke(DelegatingMethodAccessorImpl.java:43)
	at java.lang.reflect.Method.invoke(Method.java:498)
	at org.jboss.arquillian.core.impl.ObserverImpl.invoke(ObserverImpl.java:94)
	at org.jboss.arquillian.core.impl.EventContextImpl.invokeObservers(EventContextImpl.java:99)
	at org.jboss.arquillian.core.impl.EventContextImpl.proceed(EventContextImpl.java:81)
	at org.jboss.arquillian.test.impl.TestContextHandler.createTestContext(TestContextHandler.java:102)
	at sun.reflect.NativeMethodAccessorImpl.invoke0(Native Method)
	at sun.reflect.NativeMethodAccessorImpl.invoke(NativeMethodAccessorImpl.java:62)
	at sun.reflect.DelegatingMethodAccessorImpl.invoke(DelegatingMethodAccessorImpl.java:43)
	at java.lang.reflect.Method.invoke(Method.java:498)
	at org.jboss.arquillian.core.impl.ObserverImpl.invoke(ObserverImpl.java:94)
	at org.jboss.arquillian.core.impl.EventContextImpl.proceed(EventContextImpl.java:88)
	at org.jboss.arquillian.test.impl.TestContextHandler.createClassContext(TestContextHandler.java:84)
	at sun.reflect.NativeMethodAccessorImpl.invoke0(Native Method)
	at sun.reflect.NativeMethodAccessorImpl.invoke(NativeMethodAccessorImpl.java:62)
	at sun.reflect.DelegatingMethodAccessorImpl.invoke(DelegatingMethodAccessorImpl.java:43)
	at java.lang.reflect.Method.invoke(Method.java:498)
	at org.jboss.arquillian.core.impl.ObserverImpl.invoke(ObserverImpl.java:94)
	at org.jboss.arquillian.core.impl.EventContextImpl.proceed(EventContextImpl.java:88)
	at org.jboss.arquillian.test.impl.TestContextHandler.createSuiteContext(TestContextHandler.java:65)
	at sun.reflect.NativeMethodAccessorImpl.invoke0(Native Method)
	at sun.reflect.NativeMethodAccessorImpl.invoke(NativeMethodAccessorImpl.java:62)
	at sun.reflect.DelegatingMethodAccessorImpl.invoke(DelegatingMethodAccessorImpl.java:43)
	at java.lang.reflect.Method.invoke(Method.java:498)
	at org.jboss.arquillian.core.impl.ObserverImpl.invoke(ObserverImpl.java:94)
	at org.jboss.arquillian.core.impl.EventContextImpl.proceed(EventContextImpl.java:88)
	at org.jboss.arquillian.core.impl.ManagerImpl.fire(ManagerImpl.java:135)
	at org.jboss.arquillian.core.impl.ManagerImpl.fire(ManagerImpl.java:115)
	at org.jboss.arquillian.test.impl.EventTestRunnerAdaptor.before(EventTestRunnerAdaptor.java:95)
	at org.jboss.arquillian.junit.Arquillian$4.evaluate(Arquillian.java:222)
	at org.jboss.arquillian.junit.Arquillian.multiExecute(Arquillian.java:314)
	at org.jboss.arquillian.junit.Arquillian.access$100(Arquillian.java:46)
	at org.jboss.arquillian.junit.Arquillian$5.evaluate(Arquillian.java:240)
	at org.junit.runners.ParentRunner.runLeaf(ParentRunner.java:271)
	at org.junit.runners.BlockJUnit4ClassRunner.runChild(BlockJUnit4ClassRunner.java:70)
	at org.junit.runners.BlockJUnit4ClassRunner.runChild(BlockJUnit4ClassRunner.java:50)
	at org.junit.runners.ParentRunner$3.run(ParentRunner.java:238)
	at org.junit.runners.ParentRunner$1.schedule(ParentRunner.java:63)
	at org.junit.runners.ParentRunner.runChildren(ParentRunner.java:236)
	at org.junit.runners.ParentRunner.access$000(ParentRunner.java:53)
	at org.junit.runners.ParentRunner$2.evaluate(ParentRunner.java:229)
	at org.jboss.arquillian.junit.Arquillian$2.evaluate(Arquillian.java:185)
	at org.jboss.arquillian.junit.Arquillian.multiExecute(Arquillian.java:314)
	at org.jboss.arquillian.junit.Arquillian.access$100(Arquillian.java:46)
	at org.jboss.arquillian.junit.Arquillian$3.evaluate(Arquillian.java:199)
	at org.junit.runners.ParentRunner.run(ParentRunner.java:309)
	at org.jboss.arquillian.junit.Arquillian.run(Arquillian.java:147)
	at org.junit.runner.JUnitCore.run(JUnitCore.java:160)
	at org.junit.runner.JUnitCore.run(JUnitCore.java:138)
	at org.jboss.arquillian.junit.container.JUnitTestRunner.execute(JUnitTestRunner.java:65)
	at org.jboss.arquillian.protocol.servlet.runner.ServletTestRunner.executeTest(ServletTestRunner.java:160)
	at org.jboss.arquillian.protocol.servlet.runner.ServletTestRunner.execute(ServletTestRunner.java:126)
	at org.jboss.arquillian.protocol.servlet.runner.ServletTestRunner.doGet(ServletTestRunner.java:90)
	at javax.servlet.http.HttpServlet.service(HttpServlet.java:687)
	at javax.servlet.http.HttpServlet.service(HttpServlet.java:790)
	at io.undertow.servlet.handlers.ServletHandler.handleRequest(ServletHandler.java:74)
	at io.undertow.servlet.handlers.security.ServletSecurityRoleHandler.handleRequest(ServletSecurityRoleHandler.java:62)
	at io.undertow.servlet.handlers.ServletChain$1.handleRequest(ServletChain.java:67)
	at io.undertow.servlet.handlers.ServletDispatchingHandler.handleRequest(ServletDispatchingHandler.java:36)
	at org.wildfly.extension.undertow.security.SecurityContextAssociationHandler.handleRequest(SecurityContextAssociationHandler.java:78)
	at io.undertow.server.handlers.PredicateHandler.handleRequest(PredicateHandler.java:43)
	at io.undertow.servlet.handlers.security.SSLInformationAssociationHandler.handleRequest(SSLInformationAssociationHandler.java:131)
	at io.undertow.servlet.handlers.security.ServletAuthenticationCallHandler.handleRequest(ServletAuthenticationCallHandler.java:57)
	at io.undertow.server.handlers.PredicateHandler.handleRequest(PredicateHandler.java:43)
	at io.undertow.security.handlers.AbstractConfidentialityHandler.handleRequest(AbstractConfidentialityHandler.java:46)
	at io.undertow.servlet.handlers.security.ServletConfidentialityConstraintHandler.handleRequest(ServletConfidentialityConstraintHandler.java:64)
	at io.undertow.security.handlers.AuthenticationMechanismsHandler.handleRequest(AuthenticationMechanismsHandler.java:60)
	at io.undertow.servlet.handlers.security.CachedAuthenticatedSessionHandler.handleRequest(CachedAuthenticatedSessionHandler.java:77)
	at io.undertow.security.handlers.NotificationReceiverHandler.handleRequest(NotificationReceiverHandler.java:50)
	at io.undertow.security.handlers.AbstractSecurityContextAssociationHandler.handleRequest(AbstractSecurityContextAssociationHandler.java:43)
	at io.undertow.server.handlers.PredicateHandler.handleRequest(PredicateHandler.java:43)
	at org.wildfly.extension.undertow.security.jacc.JACCContextIdHandler.handleRequest(JACCContextIdHandler.java:61)
	at io.undertow.server.handlers.PredicateHandler.handleRequest(PredicateHandler.java:43)
	at org.wildfly.extension.undertow.deployment.GlobalRequestControllerHandler.handleRequest(GlobalRequestControllerHandler.java:68)
	at io.undertow.server.handlers.PredicateHandler.handleRequest(PredicateHandler.java:43)
	at io.undertow.servlet.handlers.ServletInitialHandler.handleFirstRequest(ServletInitialHandler.java:292)
	at io.undertow.servlet.handlers.ServletInitialHandler.access$100(ServletInitialHandler.java:81)
	at io.undertow.servlet.handlers.ServletInitialHandler$2.call(ServletInitialHandler.java:138)
	at io.undertow.servlet.handlers.ServletInitialHandler$2.call(ServletInitialHandler.java:135)
	at io.undertow.servlet.core.ServletRequestContextThreadSetupAction$1.call(ServletRequestContextThreadSetupAction.java:48)
	at io.undertow.servlet.core.ContextClassLoaderSetupAction$1.call(ContextClassLoaderSetupAction.java:43)
	at org.wildfly.extension.undertow.security.SecurityContextThreadSetupAction.lambda$create$0(SecurityContextThreadSetupAction.java:105)
	at org.wildfly.extension.undertow.deployment.UndertowDeploymentInfoService$UndertowThreadSetupAction.lambda$create$0(UndertowDeploymentInfoService.java:1526)
	at org.wildfly.extension.undertow.deployment.UndertowDeploymentInfoService$UndertowThreadSetupAction.lambda$create$0(UndertowDeploymentInfoService.java:1526)
	at org.wildfly.extension.undertow.deployment.UndertowDeploymentInfoService$UndertowThreadSetupAction.lambda$create$0(UndertowDeploymentInfoService.java:1526)
	at org.wildfly.extension.undertow.deployment.UndertowDeploymentInfoService$UndertowThreadSetupAction.lambda$create$0(UndertowDeploymentInfoService.java:1526)
	at org.wildfly.extension.undertow.deployment.UndertowDeploymentInfoService$UndertowThreadSetupAction.lambda$create$0(UndertowDeploymentInfoService.java:1526)
	at io.undertow.servlet.handlers.ServletInitialHandler.dispatchRequest(ServletInitialHandler.java:272)
	at io.undertow.servlet.handlers.ServletInitialHandler.access$000(ServletInitialHandler.java:81)
	at io.undertow.servlet.handlers.ServletInitialHandler$1.handleRequest(ServletInitialHandler.java:104)
	at io.undertow.server.Connectors.executeRootHandler(Connectors.java:360)
	at io.undertow.server.HttpServerExchange$1.run(HttpServerExchange.java:830)
	at org.jboss.threads.ContextClassLoaderSavingRunnable.run(ContextClassLoaderSavingRunnable.java:35)
	at org.jboss.threads.EnhancedQueueExecutor.safeRun(EnhancedQueueExecutor.java:1985)
	at org.jboss.threads.EnhancedQueueExecutor$ThreadBody.doRunTask(EnhancedQueueExecutor.java:1487)
	at org.jboss.threads.EnhancedQueueExecutor$ThreadBody.run(EnhancedQueueExecutor.java:1378)
	at java.lang.Thread.run(Thread.java:748)
Caused by: javax.validation.ValidationException: string is null
	at is.stma.beanpoll.util.StringUtility.checkString(StringUtility.java:25)
	at is.stma.beanpoll.rules.AbstractRules.validate(AbstractRules.java:49)
	at is.stma.beanpoll.rules.TaskRules$Proxy$_$$_WeldClientProxy.validate(Unknown Source)
	at is.stma.beanpoll.service.AbstractService.create(AbstractService.java:42)
	at sun.reflect.NativeMethodAccessorImpl.invoke0(Native Method)
	at sun.reflect.NativeMethodAccessorImpl.invoke(NativeMethodAccessorImpl.java:62)
	at sun.reflect.DelegatingMethodAccessorImpl.invoke(DelegatingMethodAccessorImpl.java:43)
	at java.lang.reflect.Method.invoke(Method.java:498)
	at org.jboss.as.ee.component.ManagedReferenceMethodInterceptor.processInvocation(ManagedReferenceMethodInterceptor.java:52)
	at org.jboss.invocation.InterceptorContext.proceed(InterceptorContext.java:422)
	at org.jboss.invocation.InterceptorContext$Invocation.proceed(InterceptorContext.java:509)
	at org.jboss.as.weld.interceptors.Jsr299BindingsInterceptor.doMethodInterception(Jsr299BindingsInterceptor.java:90)
	at org.jboss.as.weld.interceptors.Jsr299BindingsInterceptor.processInvocation(Jsr299BindingsInterceptor.java:101)
	at org.jboss.as.ee.component.interceptors.UserInterceptorFactory$1.processInvocation(UserInterceptorFactory.java:63)
	at org.jboss.invocation.InterceptorContext.proceed(InterceptorContext.java:422)
	at org.jboss.as.ejb3.component.invocationmetrics.ExecutionTimeInterceptor.processInvocation(ExecutionTimeInterceptor.java:43)
	at org.jboss.invocation.InterceptorContext.proceed(InterceptorContext.java:422)
	at org.jboss.as.jpa.interceptor.SBInvocationInterceptor.processInvocation(SBInvocationInterceptor.java:47)
	at org.jboss.invocation.InterceptorContext.proceed(InterceptorContext.java:422)
	at org.jboss.as.ee.concurrent.ConcurrentContextInterceptor.processInvocation(ConcurrentContextInterceptor.java:45)
	at org.jboss.invocation.InterceptorContext.proceed(InterceptorContext.java:422)
	at org.jboss.invocation.InitialInterceptor.processInvocation(InitialInterceptor.java:40)
	at org.jboss.invocation.InterceptorContext.proceed(InterceptorContext.java:422)
	at org.jboss.invocation.ChainedInterceptor.processInvocation(ChainedInterceptor.java:53)
	at org.jboss.as.ee.component.interceptors.ComponentDispatcherInterceptor.processInvocation(ComponentDispatcherInterceptor.java:52)
	at org.jboss.invocation.InterceptorContext.proceed(InterceptorContext.java:422)
	at org.jboss.as.ejb3.component.pool.PooledInstanceInterceptor.processInvocation(PooledInstanceInterceptor.java:51)
	at org.jboss.invocation.InterceptorContext.proceed(InterceptorContext.java:422)
	at org.jboss.as.ejb3.tx.CMTTxInterceptor.invokeInOurTx(CMTTxInterceptor.java:273)
	... 154 more

testResponseDeletion(is.stma.beanpoll.test.ResponseTest)  Time elapsed: 0.099 sec  <<< ERROR!
javax.ejb.EJBException: javax.validation.ValidationException: string is null
	at org.jboss.as.ejb3.tx.CMTTxInterceptor.handleExceptionInOurTx(CMTTxInterceptor.java:186)
	at org.jboss.as.ejb3.tx.CMTTxInterceptor.invokeInOurTx(CMTTxInterceptor.java:275)
	at org.jboss.as.ejb3.tx.CMTTxInterceptor.required(CMTTxInterceptor.java:330)
	at org.jboss.as.ejb3.tx.CMTTxInterceptor.processInvocation(CMTTxInterceptor.java:238)
	at org.jboss.invocation.InterceptorContext.proceed(InterceptorContext.java:422)
	at org.jboss.invocation.InterceptorContext$Invocation.proceed(InterceptorContext.java:509)
	at org.jboss.weld.module.ejb.AbstractEJBRequestScopeActivationInterceptor.aroundInvoke(AbstractEJBRequestScopeActivationInterceptor.java:72)
	at org.jboss.as.weld.ejb.EjbRequestScopeActivationInterceptor.processInvocation(EjbRequestScopeActivationInterceptor.java:89)
	at org.jboss.invocation.InterceptorContext.proceed(InterceptorContext.java:422)
	at org.jboss.as.ejb3.component.interceptors.CurrentInvocationContextInterceptor.processInvocation(CurrentInvocationContextInterceptor.java:41)
	at org.jboss.invocation.InterceptorContext.proceed(InterceptorContext.java:422)
	at org.jboss.as.ejb3.component.invocationmetrics.WaitTimeInterceptor.processInvocation(WaitTimeInterceptor.java:47)
	at org.jboss.invocation.InterceptorContext.proceed(InterceptorContext.java:422)
	at org.jboss.as.ejb3.security.SecurityContextInterceptor.processInvocation(SecurityContextInterceptor.java:100)
	at org.jboss.invocation.InterceptorContext.proceed(InterceptorContext.java:422)
	at org.jboss.as.ejb3.deployment.processors.StartupAwaitInterceptor.processInvocation(StartupAwaitInterceptor.java:22)
	at org.jboss.invocation.InterceptorContext.proceed(InterceptorContext.java:422)
	at org.jboss.as.ejb3.component.interceptors.ShutDownInterceptorFactory$1.processInvocation(ShutDownInterceptorFactory.java:64)
	at org.jboss.invocation.InterceptorContext.proceed(InterceptorContext.java:422)
	at org.jboss.as.ejb3.component.interceptors.LoggingInterceptor.processInvocation(LoggingInterceptor.java:67)
	at org.jboss.invocation.InterceptorContext.proceed(InterceptorContext.java:422)
	at org.jboss.as.ee.component.NamespaceContextInterceptor.processInvocation(NamespaceContextInterceptor.java:50)
	at org.jboss.invocation.InterceptorContext.proceed(InterceptorContext.java:422)
	at org.jboss.as.ejb3.component.interceptors.AdditionalSetupInterceptor.processInvocation(AdditionalSetupInterceptor.java:54)
	at org.jboss.invocation.InterceptorContext.proceed(InterceptorContext.java:422)
	at org.jboss.invocation.ContextClassLoaderInterceptor.processInvocation(ContextClassLoaderInterceptor.java:60)
	at org.jboss.invocation.InterceptorContext.proceed(InterceptorContext.java:422)
	at org.jboss.invocation.InterceptorContext.run(InterceptorContext.java:438)
	at org.wildfly.security.manager.WildFlySecurityManager.doChecked(WildFlySecurityManager.java:619)
	at org.jboss.invocation.AccessCheckingInterceptor.processInvocation(AccessCheckingInterceptor.java:57)
	at org.jboss.invocation.InterceptorContext.proceed(InterceptorContext.java:422)
	at org.jboss.invocation.ChainedInterceptor.processInvocation(ChainedInterceptor.java:53)
	at org.jboss.as.ee.component.ViewService$View.invoke(ViewService.java:198)
	at org.jboss.as.ee.component.ViewDescription$1.processInvocation(ViewDescription.java:185)
	at org.jboss.as.ee.component.ProxyInvocationHandler.invoke(ProxyInvocationHandler.java:81)
	at is.stma.beanpoll.service.TaskService$$$view139.create(Unknown Source)
	at sun.reflect.GeneratedMethodAccessor288.invoke(Unknown Source)
	at sun.reflect.DelegatingMethodAccessorImpl.invoke(DelegatingMethodAccessorImpl.java:43)
	at java.lang.reflect.Method.invoke(Method.java:498)
	at org.jboss.weld.util.reflection.Reflections.invokeAndUnwrap(Reflections.java:411)
	at org.jboss.weld.module.ejb.EnterpriseBeanProxyMethodHandler.invoke(EnterpriseBeanProxyMethodHandler.java:134)
	at org.jboss.weld.bean.proxy.EnterpriseTargetBeanInstance.invoke(EnterpriseTargetBeanInstance.java:56)
	at org.jboss.weld.module.ejb.InjectionPointPropagatingEnterpriseTargetBeanInstance.invoke(InjectionPointPropagatingEnterpriseTargetBeanInstance.java:68)
	at org.jboss.weld.bean.proxy.ProxyMethodHandler.invoke(ProxyMethodHandler.java:106)
	at is.stma.beanpoll.service.TaskService$Proxy$_$$_Weld$EnterpriseProxy$.create(Unknown Source)
	at is.stma.beanpoll.test.ResponseTest.setUp(ResponseTest.java:111)
	at sun.reflect.NativeMethodAccessorImpl.invoke0(Native Method)
	at sun.reflect.NativeMethodAccessorImpl.invoke(NativeMethodAccessorImpl.java:62)
	at sun.reflect.DelegatingMethodAccessorImpl.invoke(DelegatingMethodAccessorImpl.java:43)
	at java.lang.reflect.Method.invoke(Method.java:498)
	at org.junit.runners.model.FrameworkMethod$1.runReflectiveCall(FrameworkMethod.java:47)
	at org.junit.internal.runners.model.ReflectiveCallable.run(ReflectiveCallable.java:12)
	at org.junit.runners.model.FrameworkMethod.invokeExplosively(FrameworkMethod.java:44)
	at org.junit.internal.runners.statements.RunBefores.evaluate(RunBefores.java:24)
	at org.jboss.arquillian.junit.Arquillian$StatementLifecycleExecutor.invoke(Arquillian.java:351)
	at org.jboss.arquillian.container.test.impl.execution.BeforeLifecycleEventExecuter.on(BeforeLifecycleEventExecuter.java:35)
	at sun.reflect.NativeMethodAccessorImpl.invoke0(Native Method)
	at sun.reflect.NativeMethodAccessorImpl.invoke(NativeMethodAccessorImpl.java:62)
	at sun.reflect.DelegatingMethodAccessorImpl.invoke(DelegatingMethodAccessorImpl.java:43)
	at java.lang.reflect.Method.invoke(Method.java:498)
	at org.jboss.arquillian.core.impl.ObserverImpl.invoke(ObserverImpl.java:94)
	at org.jboss.arquillian.core.impl.EventContextImpl.invokeObservers(EventContextImpl.java:99)
	at org.jboss.arquillian.core.impl.EventContextImpl.proceed(EventContextImpl.java:81)
	at org.jboss.arquillian.test.impl.TestContextHandler.createTestContext(TestContextHandler.java:102)
	at sun.reflect.NativeMethodAccessorImpl.invoke0(Native Method)
	at sun.reflect.NativeMethodAccessorImpl.invoke(NativeMethodAccessorImpl.java:62)
	at sun.reflect.DelegatingMethodAccessorImpl.invoke(DelegatingMethodAccessorImpl.java:43)
	at java.lang.reflect.Method.invoke(Method.java:498)
	at org.jboss.arquillian.core.impl.ObserverImpl.invoke(ObserverImpl.java:94)
	at org.jboss.arquillian.core.impl.EventContextImpl.proceed(EventContextImpl.java:88)
	at org.jboss.arquillian.test.impl.TestContextHandler.createClassContext(TestContextHandler.java:84)
	at sun.reflect.NativeMethodAccessorImpl.invoke0(Native Method)
	at sun.reflect.NativeMethodAccessorImpl.invoke(NativeMethodAccessorImpl.java:62)
	at sun.reflect.DelegatingMethodAccessorImpl.invoke(DelegatingMethodAccessorImpl.java:43)
	at java.lang.reflect.Method.invoke(Method.java:498)
	at org.jboss.arquillian.core.impl.ObserverImpl.invoke(ObserverImpl.java:94)
	at org.jboss.arquillian.core.impl.EventContextImpl.proceed(EventContextImpl.java:88)
	at org.jboss.arquillian.test.impl.TestContextHandler.createSuiteContext(TestContextHandler.java:65)
	at sun.reflect.NativeMethodAccessorImpl.invoke0(Native Method)
	at sun.reflect.NativeMethodAccessorImpl.invoke(NativeMethodAccessorImpl.java:62)
	at sun.reflect.DelegatingMethodAccessorImpl.invoke(DelegatingMethodAccessorImpl.java:43)
	at java.lang.reflect.Method.invoke(Method.java:498)
	at org.jboss.arquillian.core.impl.ObserverImpl.invoke(ObserverImpl.java:94)
	at org.jboss.arquillian.core.impl.EventContextImpl.proceed(EventContextImpl.java:88)
	at org.jboss.arquillian.core.impl.ManagerImpl.fire(ManagerImpl.java:135)
	at org.jboss.arquillian.core.impl.ManagerImpl.fire(ManagerImpl.java:115)
	at org.jboss.arquillian.test.impl.EventTestRunnerAdaptor.before(EventTestRunnerAdaptor.java:95)
	at org.jboss.arquillian.junit.Arquillian$4.evaluate(Arquillian.java:222)
	at org.jboss.arquillian.junit.Arquillian.multiExecute(Arquillian.java:314)
	at org.jboss.arquillian.junit.Arquillian.access$100(Arquillian.java:46)
	at org.jboss.arquillian.junit.Arquillian$5.evaluate(Arquillian.java:240)
	at org.junit.runners.ParentRunner.runLeaf(ParentRunner.java:271)
	at org.junit.runners.BlockJUnit4ClassRunner.runChild(BlockJUnit4ClassRunner.java:70)
	at org.junit.runners.BlockJUnit4ClassRunner.runChild(BlockJUnit4ClassRunner.java:50)
	at org.junit.runners.ParentRunner$3.run(ParentRunner.java:238)
	at org.junit.runners.ParentRunner$1.schedule(ParentRunner.java:63)
	at org.junit.runners.ParentRunner.runChildren(ParentRunner.java:236)
	at org.junit.runners.ParentRunner.access$000(ParentRunner.java:53)
	at org.junit.runners.ParentRunner$2.evaluate(ParentRunner.java:229)
	at org.jboss.arquillian.junit.Arquillian$2.evaluate(Arquillian.java:185)
	at org.jboss.arquillian.junit.Arquillian.multiExecute(Arquillian.java:314)
	at org.jboss.arquillian.junit.Arquillian.access$100(Arquillian.java:46)
	at org.jboss.arquillian.junit.Arquillian$3.evaluate(Arquillian.java:199)
	at org.junit.runners.ParentRunner.run(ParentRunner.java:309)
	at org.jboss.arquillian.junit.Arquillian.run(Arquillian.java:147)
	at org.junit.runner.JUnitCore.run(JUnitCore.java:160)
	at org.junit.runner.JUnitCore.run(JUnitCore.java:138)
	at org.jboss.arquillian.junit.container.JUnitTestRunner.execute(JUnitTestRunner.java:65)
	at org.jboss.arquillian.protocol.servlet.runner.ServletTestRunner.executeTest(ServletTestRunner.java:160)
	at org.jboss.arquillian.protocol.servlet.runner.ServletTestRunner.execute(ServletTestRunner.java:126)
	at org.jboss.arquillian.protocol.servlet.runner.ServletTestRunner.doGet(ServletTestRunner.java:90)
	at javax.servlet.http.HttpServlet.service(HttpServlet.java:687)
	at javax.servlet.http.HttpServlet.service(HttpServlet.java:790)
	at io.undertow.servlet.handlers.ServletHandler.handleRequest(ServletHandler.java:74)
	at io.undertow.servlet.handlers.security.ServletSecurityRoleHandler.handleRequest(ServletSecurityRoleHandler.java:62)
	at io.undertow.servlet.handlers.ServletChain$1.handleRequest(ServletChain.java:67)
	at io.undertow.servlet.handlers.ServletDispatchingHandler.handleRequest(ServletDispatchingHandler.java:36)
	at org.wildfly.extension.undertow.security.SecurityContextAssociationHandler.handleRequest(SecurityContextAssociationHandler.java:78)
	at io.undertow.server.handlers.PredicateHandler.handleRequest(PredicateHandler.java:43)
	at io.undertow.servlet.handlers.security.SSLInformationAssociationHandler.handleRequest(SSLInformationAssociationHandler.java:131)
	at io.undertow.servlet.handlers.security.ServletAuthenticationCallHandler.handleRequest(ServletAuthenticationCallHandler.java:57)
	at io.undertow.server.handlers.PredicateHandler.handleRequest(PredicateHandler.java:43)
	at io.undertow.security.handlers.AbstractConfidentialityHandler.handleRequest(AbstractConfidentialityHandler.java:46)
	at io.undertow.servlet.handlers.security.ServletConfidentialityConstraintHandler.handleRequest(ServletConfidentialityConstraintHandler.java:64)
	at io.undertow.security.handlers.AuthenticationMechanismsHandler.handleRequest(AuthenticationMechanismsHandler.java:60)
	at io.undertow.servlet.handlers.security.CachedAuthenticatedSessionHandler.handleRequest(CachedAuthenticatedSessionHandler.java:77)
	at io.undertow.security.handlers.NotificationReceiverHandler.handleRequest(NotificationReceiverHandler.java:50)
	at io.undertow.security.handlers.AbstractSecurityContextAssociationHandler.handleRequest(AbstractSecurityContextAssociationHandler.java:43)
	at io.undertow.server.handlers.PredicateHandler.handleRequest(PredicateHandler.java:43)
	at org.wildfly.extension.undertow.security.jacc.JACCContextIdHandler.handleRequest(JACCContextIdHandler.java:61)
	at io.undertow.server.handlers.PredicateHandler.handleRequest(PredicateHandler.java:43)
	at org.wildfly.extension.undertow.deployment.GlobalRequestControllerHandler.handleRequest(GlobalRequestControllerHandler.java:68)
	at io.undertow.server.handlers.PredicateHandler.handleRequest(PredicateHandler.java:43)
	at io.undertow.servlet.handlers.ServletInitialHandler.handleFirstRequest(ServletInitialHandler.java:292)
	at io.undertow.servlet.handlers.ServletInitialHandler.access$100(ServletInitialHandler.java:81)
	at io.undertow.servlet.handlers.ServletInitialHandler$2.call(ServletInitialHandler.java:138)
	at io.undertow.servlet.handlers.ServletInitialHandler$2.call(ServletInitialHandler.java:135)
	at io.undertow.servlet.core.ServletRequestContextThreadSetupAction$1.call(ServletRequestContextThreadSetupAction.java:48)
	at io.undertow.servlet.core.ContextClassLoaderSetupAction$1.call(ContextClassLoaderSetupAction.java:43)
	at org.wildfly.extension.undertow.security.SecurityContextThreadSetupAction.lambda$create$0(SecurityContextThreadSetupAction.java:105)
	at org.wildfly.extension.undertow.deployment.UndertowDeploymentInfoService$UndertowThreadSetupAction.lambda$create$0(UndertowDeploymentInfoService.java:1526)
	at org.wildfly.extension.undertow.deployment.UndertowDeploymentInfoService$UndertowThreadSetupAction.lambda$create$0(UndertowDeploymentInfoService.java:1526)
	at org.wildfly.extension.undertow.deployment.UndertowDeploymentInfoService$UndertowThreadSetupAction.lambda$create$0(UndertowDeploymentInfoService.java:1526)
	at org.wildfly.extension.undertow.deployment.UndertowDeploymentInfoService$UndertowThreadSetupAction.lambda$create$0(UndertowDeploymentInfoService.java:1526)
	at org.wildfly.extension.undertow.deployment.UndertowDeploymentInfoService$UndertowThreadSetupAction.lambda$create$0(UndertowDeploymentInfoService.java:1526)
	at io.undertow.servlet.handlers.ServletInitialHandler.dispatchRequest(ServletInitialHandler.java:272)
	at io.undertow.servlet.handlers.ServletInitialHandler.access$000(ServletInitialHandler.java:81)
	at io.undertow.servlet.handlers.ServletInitialHandler$1.handleRequest(ServletInitialHandler.java:104)
	at io.undertow.server.Connectors.executeRootHandler(Connectors.java:360)
	at io.undertow.server.HttpServerExchange$1.run(HttpServerExchange.java:830)
	at org.jboss.threads.ContextClassLoaderSavingRunnable.run(ContextClassLoaderSavingRunnable.java:35)
	at org.jboss.threads.EnhancedQueueExecutor.safeRun(EnhancedQueueExecutor.java:1985)
	at org.jboss.threads.EnhancedQueueExecutor$ThreadBody.doRunTask(EnhancedQueueExecutor.java:1487)
	at org.jboss.threads.EnhancedQueueExecutor$ThreadBody.run(EnhancedQueueExecutor.java:1378)
	at java.lang.Thread.run(Thread.java:748)
Caused by: javax.validation.ValidationException: string is null
	at is.stma.beanpoll.util.StringUtility.checkString(StringUtility.java:25)
	at is.stma.beanpoll.rules.AbstractRules.validate(AbstractRules.java:49)
	at is.stma.beanpoll.rules.TaskRules$Proxy$_$$_WeldClientProxy.validate(Unknown Source)
	at is.stma.beanpoll.service.AbstractService.create(AbstractService.java:42)
	at sun.reflect.GeneratedMethodAccessor288.invoke(Unknown Source)
	at sun.reflect.DelegatingMethodAccessorImpl.invoke(DelegatingMethodAccessorImpl.java:43)
	at java.lang.reflect.Method.invoke(Method.java:498)
	at org.jboss.as.ee.component.ManagedReferenceMethodInterceptor.processInvocation(ManagedReferenceMethodInterceptor.java:52)
	at org.jboss.invocation.InterceptorContext.proceed(InterceptorContext.java:422)
	at org.jboss.invocation.InterceptorContext$Invocation.proceed(InterceptorContext.java:509)
	at org.jboss.as.weld.interceptors.Jsr299BindingsInterceptor.doMethodInterception(Jsr299BindingsInterceptor.java:90)
	at org.jboss.as.weld.interceptors.Jsr299BindingsInterceptor.processInvocation(Jsr299BindingsInterceptor.java:101)
	at org.jboss.as.ee.component.interceptors.UserInterceptorFactory$1.processInvocation(UserInterceptorFactory.java:63)
	at org.jboss.invocation.InterceptorContext.proceed(InterceptorContext.java:422)
	at org.jboss.as.ejb3.component.invocationmetrics.ExecutionTimeInterceptor.processInvocation(ExecutionTimeInterceptor.java:43)
	at org.jboss.invocation.InterceptorContext.proceed(InterceptorContext.java:422)
	at org.jboss.as.jpa.interceptor.SBInvocationInterceptor.processInvocation(SBInvocationInterceptor.java:47)
	at org.jboss.invocation.InterceptorContext.proceed(InterceptorContext.java:422)
	at org.jboss.as.ee.concurrent.ConcurrentContextInterceptor.processInvocation(ConcurrentContextInterceptor.java:45)
	at org.jboss.invocation.InterceptorContext.proceed(InterceptorContext.java:422)
	at org.jboss.invocation.InitialInterceptor.processInvocation(InitialInterceptor.java:40)
	at org.jboss.invocation.InterceptorContext.proceed(InterceptorContext.java:422)
	at org.jboss.invocation.ChainedInterceptor.processInvocation(ChainedInterceptor.java:53)
	at org.jboss.as.ee.component.interceptors.ComponentDispatcherInterceptor.processInvocation(ComponentDispatcherInterceptor.java:52)
	at org.jboss.invocation.InterceptorContext.proceed(InterceptorContext.java:422)
	at org.jboss.as.ejb3.component.pool.PooledInstanceInterceptor.processInvocation(PooledInstanceInterceptor.java:51)
	at org.jboss.invocation.InterceptorContext.proceed(InterceptorContext.java:422)
	at org.jboss.as.ejb3.tx.CMTTxInterceptor.invokeInOurTx(CMTTxInterceptor.java:273)
	... 153 more

testResponseCreation(is.stma.beanpoll.test.ResponseTest)  Time elapsed: 0.127 sec  <<< ERROR!
javax.ejb.EJBException: javax.validation.ValidationException: string is null
	at org.jboss.as.ejb3.tx.CMTTxInterceptor.handleExceptionInOurTx(CMTTxInterceptor.java:186)
	at org.jboss.as.ejb3.tx.CMTTxInterceptor.invokeInOurTx(CMTTxInterceptor.java:275)
	at org.jboss.as.ejb3.tx.CMTTxInterceptor.required(CMTTxInterceptor.java:330)
	at org.jboss.as.ejb3.tx.CMTTxInterceptor.processInvocation(CMTTxInterceptor.java:238)
	at org.jboss.invocation.InterceptorContext.proceed(InterceptorContext.java:422)
	at org.jboss.invocation.InterceptorContext$Invocation.proceed(InterceptorContext.java:509)
	at org.jboss.weld.module.ejb.AbstractEJBRequestScopeActivationInterceptor.aroundInvoke(AbstractEJBRequestScopeActivationInterceptor.java:72)
	at org.jboss.as.weld.ejb.EjbRequestScopeActivationInterceptor.processInvocation(EjbRequestScopeActivationInterceptor.java:89)
	at org.jboss.invocation.InterceptorContext.proceed(InterceptorContext.java:422)
	at org.jboss.as.ejb3.component.interceptors.CurrentInvocationContextInterceptor.processInvocation(CurrentInvocationContextInterceptor.java:41)
	at org.jboss.invocation.InterceptorContext.proceed(InterceptorContext.java:422)
	at org.jboss.as.ejb3.component.invocationmetrics.WaitTimeInterceptor.processInvocation(WaitTimeInterceptor.java:47)
	at org.jboss.invocation.InterceptorContext.proceed(InterceptorContext.java:422)
	at org.jboss.as.ejb3.security.SecurityContextInterceptor.processInvocation(SecurityContextInterceptor.java:100)
	at org.jboss.invocation.InterceptorContext.proceed(InterceptorContext.java:422)
	at org.jboss.as.ejb3.deployment.processors.StartupAwaitInterceptor.processInvocation(StartupAwaitInterceptor.java:22)
	at org.jboss.invocation.InterceptorContext.proceed(InterceptorContext.java:422)
	at org.jboss.as.ejb3.component.interceptors.ShutDownInterceptorFactory$1.processInvocation(ShutDownInterceptorFactory.java:64)
	at org.jboss.invocation.InterceptorContext.proceed(InterceptorContext.java:422)
	at org.jboss.as.ejb3.component.interceptors.LoggingInterceptor.processInvocation(LoggingInterceptor.java:67)
	at org.jboss.invocation.InterceptorContext.proceed(InterceptorContext.java:422)
	at org.jboss.as.ee.component.NamespaceContextInterceptor.processInvocation(NamespaceContextInterceptor.java:50)
	at org.jboss.invocation.InterceptorContext.proceed(InterceptorContext.java:422)
	at org.jboss.as.ejb3.component.interceptors.AdditionalSetupInterceptor.processInvocation(AdditionalSetupInterceptor.java:54)
	at org.jboss.invocation.InterceptorContext.proceed(InterceptorContext.java:422)
	at org.jboss.invocation.ContextClassLoaderInterceptor.processInvocation(ContextClassLoaderInterceptor.java:60)
	at org.jboss.invocation.InterceptorContext.proceed(InterceptorContext.java:422)
	at org.jboss.invocation.InterceptorContext.run(InterceptorContext.java:438)
	at org.wildfly.security.manager.WildFlySecurityManager.doChecked(WildFlySecurityManager.java:619)
	at org.jboss.invocation.AccessCheckingInterceptor.processInvocation(AccessCheckingInterceptor.java:57)
	at org.jboss.invocation.InterceptorContext.proceed(InterceptorContext.java:422)
	at org.jboss.invocation.ChainedInterceptor.processInvocation(ChainedInterceptor.java:53)
	at org.jboss.as.ee.component.ViewService$View.invoke(ViewService.java:198)
	at org.jboss.as.ee.component.ViewDescription$1.processInvocation(ViewDescription.java:185)
	at org.jboss.as.ee.component.ProxyInvocationHandler.invoke(ProxyInvocationHandler.java:81)
	at is.stma.beanpoll.service.TaskService$$$view139.create(Unknown Source)
	at sun.reflect.GeneratedMethodAccessor288.invoke(Unknown Source)
	at sun.reflect.DelegatingMethodAccessorImpl.invoke(DelegatingMethodAccessorImpl.java:43)
	at java.lang.reflect.Method.invoke(Method.java:498)
	at org.jboss.weld.util.reflection.Reflections.invokeAndUnwrap(Reflections.java:411)
	at org.jboss.weld.module.ejb.EnterpriseBeanProxyMethodHandler.invoke(EnterpriseBeanProxyMethodHandler.java:134)
	at org.jboss.weld.bean.proxy.EnterpriseTargetBeanInstance.invoke(EnterpriseTargetBeanInstance.java:56)
	at org.jboss.weld.module.ejb.InjectionPointPropagatingEnterpriseTargetBeanInstance.invoke(InjectionPointPropagatingEnterpriseTargetBeanInstance.java:68)
	at org.jboss.weld.bean.proxy.ProxyMethodHandler.invoke(ProxyMethodHandler.java:106)
	at is.stma.beanpoll.service.TaskService$Proxy$_$$_Weld$EnterpriseProxy$.create(Unknown Source)
	at is.stma.beanpoll.test.ResponseTest.setUp(ResponseTest.java:111)
	at sun.reflect.NativeMethodAccessorImpl.invoke0(Native Method)
	at sun.reflect.NativeMethodAccessorImpl.invoke(NativeMethodAccessorImpl.java:62)
	at sun.reflect.DelegatingMethodAccessorImpl.invoke(DelegatingMethodAccessorImpl.java:43)
	at java.lang.reflect.Method.invoke(Method.java:498)
	at org.junit.runners.model.FrameworkMethod$1.runReflectiveCall(FrameworkMethod.java:47)
	at org.junit.internal.runners.model.ReflectiveCallable.run(ReflectiveCallable.java:12)
	at org.junit.runners.model.FrameworkMethod.invokeExplosively(FrameworkMethod.java:44)
	at org.junit.internal.runners.statements.RunBefores.evaluate(RunBefores.java:24)
	at org.jboss.arquillian.junit.Arquillian$StatementLifecycleExecutor.invoke(Arquillian.java:351)
	at org.jboss.arquillian.container.test.impl.execution.BeforeLifecycleEventExecuter.on(BeforeLifecycleEventExecuter.java:35)
	at sun.reflect.NativeMethodAccessorImpl.invoke0(Native Method)
	at sun.reflect.NativeMethodAccessorImpl.invoke(NativeMethodAccessorImpl.java:62)
	at sun.reflect.DelegatingMethodAccessorImpl.invoke(DelegatingMethodAccessorImpl.java:43)
	at java.lang.reflect.Method.invoke(Method.java:498)
	at org.jboss.arquillian.core.impl.ObserverImpl.invoke(ObserverImpl.java:94)
	at org.jboss.arquillian.core.impl.EventContextImpl.invokeObservers(EventContextImpl.java:99)
	at org.jboss.arquillian.core.impl.EventContextImpl.proceed(EventContextImpl.java:81)
	at org.jboss.arquillian.test.impl.TestContextHandler.createTestContext(TestContextHandler.java:102)
	at sun.reflect.NativeMethodAccessorImpl.invoke0(Native Method)
	at sun.reflect.NativeMethodAccessorImpl.invoke(NativeMethodAccessorImpl.java:62)
	at sun.reflect.DelegatingMethodAccessorImpl.invoke(DelegatingMethodAccessorImpl.java:43)
	at java.lang.reflect.Method.invoke(Method.java:498)
	at org.jboss.arquillian.core.impl.ObserverImpl.invoke(ObserverImpl.java:94)
	at org.jboss.arquillian.core.impl.EventContextImpl.proceed(EventContextImpl.java:88)
	at org.jboss.arquillian.test.impl.TestContextHandler.createClassContext(TestContextHandler.java:84)
	at sun.reflect.GeneratedMethodAccessor292.invoke(Unknown Source)
	at sun.reflect.DelegatingMethodAccessorImpl.invoke(DelegatingMethodAccessorImpl.java:43)
	at java.lang.reflect.Method.invoke(Method.java:498)
	at org.jboss.arquillian.core.impl.ObserverImpl.invoke(ObserverImpl.java:94)
	at org.jboss.arquillian.core.impl.EventContextImpl.proceed(EventContextImpl.java:88)
	at org.jboss.arquillian.test.impl.TestContextHandler.createSuiteContext(TestContextHandler.java:65)
	at sun.reflect.GeneratedMethodAccessor290.invoke(Unknown Source)
	at sun.reflect.DelegatingMethodAccessorImpl.invoke(DelegatingMethodAccessorImpl.java:43)
	at java.lang.reflect.Method.invoke(Method.java:498)
	at org.jboss.arquillian.core.impl.ObserverImpl.invoke(ObserverImpl.java:94)
	at org.jboss.arquillian.core.impl.EventContextImpl.proceed(EventContextImpl.java:88)
	at org.jboss.arquillian.core.impl.ManagerImpl.fire(ManagerImpl.java:135)
	at org.jboss.arquillian.core.impl.ManagerImpl.fire(ManagerImpl.java:115)
	at org.jboss.arquillian.test.impl.EventTestRunnerAdaptor.before(EventTestRunnerAdaptor.java:95)
	at org.jboss.arquillian.junit.Arquillian$4.evaluate(Arquillian.java:222)
	at org.jboss.arquillian.junit.Arquillian.multiExecute(Arquillian.java:314)
	at org.jboss.arquillian.junit.Arquillian.access$100(Arquillian.java:46)
	at org.jboss.arquillian.junit.Arquillian$5.evaluate(Arquillian.java:240)
	at org.junit.runners.ParentRunner.runLeaf(ParentRunner.java:271)
	at org.junit.runners.BlockJUnit4ClassRunner.runChild(BlockJUnit4ClassRunner.java:70)
	at org.junit.runners.BlockJUnit4ClassRunner.runChild(BlockJUnit4ClassRunner.java:50)
	at org.junit.runners.ParentRunner$3.run(ParentRunner.java:238)
	at org.junit.runners.ParentRunner$1.schedule(ParentRunner.java:63)
	at org.junit.runners.ParentRunner.runChildren(ParentRunner.java:236)
	at org.junit.runners.ParentRunner.access$000(ParentRunner.java:53)
	at org.junit.runners.ParentRunner$2.evaluate(ParentRunner.java:229)
	at org.jboss.arquillian.junit.Arquillian$2.evaluate(Arquillian.java:185)
	at org.jboss.arquillian.junit.Arquillian.multiExecute(Arquillian.java:314)
	at org.jboss.arquillian.junit.Arquillian.access$100(Arquillian.java:46)
	at org.jboss.arquillian.junit.Arquillian$3.evaluate(Arquillian.java:199)
	at org.junit.runners.ParentRunner.run(ParentRunner.java:309)
	at org.jboss.arquillian.junit.Arquillian.run(Arquillian.java:147)
	at org.junit.runner.JUnitCore.run(JUnitCore.java:160)
	at org.junit.runner.JUnitCore.run(JUnitCore.java:138)
	at org.jboss.arquillian.junit.container.JUnitTestRunner.execute(JUnitTestRunner.java:65)
	at org.jboss.arquillian.protocol.servlet.runner.ServletTestRunner.executeTest(ServletTestRunner.java:160)
	at org.jboss.arquillian.protocol.servlet.runner.ServletTestRunner.execute(ServletTestRunner.java:126)
	at org.jboss.arquillian.protocol.servlet.runner.ServletTestRunner.doGet(ServletTestRunner.java:90)
	at javax.servlet.http.HttpServlet.service(HttpServlet.java:687)
	at javax.servlet.http.HttpServlet.service(HttpServlet.java:790)
	at io.undertow.servlet.handlers.ServletHandler.handleRequest(ServletHandler.java:74)
	at io.undertow.servlet.handlers.security.ServletSecurityRoleHandler.handleRequest(ServletSecurityRoleHandler.java:62)
	at io.undertow.servlet.handlers.ServletChain$1.handleRequest(ServletChain.java:67)
	at io.undertow.servlet.handlers.ServletDispatchingHandler.handleRequest(ServletDispatchingHandler.java:36)
	at org.wildfly.extension.undertow.security.SecurityContextAssociationHandler.handleRequest(SecurityContextAssociationHandler.java:78)
	at io.undertow.server.handlers.PredicateHandler.handleRequest(PredicateHandler.java:43)
	at io.undertow.servlet.handlers.security.SSLInformationAssociationHandler.handleRequest(SSLInformationAssociationHandler.java:131)
	at io.undertow.servlet.handlers.security.ServletAuthenticationCallHandler.handleRequest(ServletAuthenticationCallHandler.java:57)
	at io.undertow.server.handlers.PredicateHandler.handleRequest(PredicateHandler.java:43)
	at io.undertow.security.handlers.AbstractConfidentialityHandler.handleRequest(AbstractConfidentialityHandler.java:46)
	at io.undertow.servlet.handlers.security.ServletConfidentialityConstraintHandler.handleRequest(ServletConfidentialityConstraintHandler.java:64)
	at io.undertow.security.handlers.AuthenticationMechanismsHandler.handleRequest(AuthenticationMechanismsHandler.java:60)
	at io.undertow.servlet.handlers.security.CachedAuthenticatedSessionHandler.handleRequest(CachedAuthenticatedSessionHandler.java:77)
	at io.undertow.security.handlers.NotificationReceiverHandler.handleRequest(NotificationReceiverHandler.java:50)
	at io.undertow.security.handlers.AbstractSecurityContextAssociationHandler.handleRequest(AbstractSecurityContextAssociationHandler.java:43)
	at io.undertow.server.handlers.PredicateHandler.handleRequest(PredicateHandler.java:43)
	at org.wildfly.extension.undertow.security.jacc.JACCContextIdHandler.handleRequest(JACCContextIdHandler.java:61)
	at io.undertow.server.handlers.PredicateHandler.handleRequest(PredicateHandler.java:43)
	at org.wildfly.extension.undertow.deployment.GlobalRequestControllerHandler.handleRequest(GlobalRequestControllerHandler.java:68)
	at io.undertow.server.handlers.PredicateHandler.handleRequest(PredicateHandler.java:43)
	at io.undertow.servlet.handlers.ServletInitialHandler.handleFirstRequest(ServletInitialHandler.java:292)
	at io.undertow.servlet.handlers.ServletInitialHandler.access$100(ServletInitialHandler.java:81)
	at io.undertow.servlet.handlers.ServletInitialHandler$2.call(ServletInitialHandler.java:138)
	at io.undertow.servlet.handlers.ServletInitialHandler$2.call(ServletInitialHandler.java:135)
	at io.undertow.servlet.core.ServletRequestContextThreadSetupAction$1.call(ServletRequestContextThreadSetupAction.java:48)
	at io.undertow.servlet.core.ContextClassLoaderSetupAction$1.call(ContextClassLoaderSetupAction.java:43)
	at org.wildfly.extension.undertow.security.SecurityContextThreadSetupAction.lambda$create$0(SecurityContextThreadSetupAction.java:105)
	at org.wildfly.extension.undertow.deployment.UndertowDeploymentInfoService$UndertowThreadSetupAction.lambda$create$0(UndertowDeploymentInfoService.java:1526)
	at org.wildfly.extension.undertow.deployment.UndertowDeploymentInfoService$UndertowThreadSetupAction.lambda$create$0(UndertowDeploymentInfoService.java:1526)
	at org.wildfly.extension.undertow.deployment.UndertowDeploymentInfoService$UndertowThreadSetupAction.lambda$create$0(UndertowDeploymentInfoService.java:1526)
	at org.wildfly.extension.undertow.deployment.UndertowDeploymentInfoService$UndertowThreadSetupAction.lambda$create$0(UndertowDeploymentInfoService.java:1526)
	at org.wildfly.extension.undertow.deployment.UndertowDeploymentInfoService$UndertowThreadSetupAction.lambda$create$0(UndertowDeploymentInfoService.java:1526)
	at io.undertow.servlet.handlers.ServletInitialHandler.dispatchRequest(ServletInitialHandler.java:272)
	at io.undertow.servlet.handlers.ServletInitialHandler.access$000(ServletInitialHandler.java:81)
	at io.undertow.servlet.handlers.ServletInitialHandler$1.handleRequest(ServletInitialHandler.java:104)
	at io.undertow.server.Connectors.executeRootHandler(Connectors.java:360)
	at io.undertow.server.HttpServerExchange$1.run(HttpServerExchange.java:830)
	at org.jboss.threads.ContextClassLoaderSavingRunnable.run(ContextClassLoaderSavingRunnable.java:35)
	at org.jboss.threads.EnhancedQueueExecutor.safeRun(EnhancedQueueExecutor.java:1985)
	at org.jboss.threads.EnhancedQueueExecutor$ThreadBody.doRunTask(EnhancedQueueExecutor.java:1487)
	at org.jboss.threads.EnhancedQueueExecutor$ThreadBody.run(EnhancedQueueExecutor.java:1378)
	at java.lang.Thread.run(Thread.java:748)
Caused by: javax.validation.ValidationException: string is null
	at is.stma.beanpoll.util.StringUtility.checkString(StringUtility.java:25)
	at is.stma.beanpoll.rules.AbstractRules.validate(AbstractRules.java:49)
	at is.stma.beanpoll.rules.TaskRules$Proxy$_$$_WeldClientProxy.validate(Unknown Source)
	at is.stma.beanpoll.service.AbstractService.create(AbstractService.java:42)
	at sun.reflect.GeneratedMethodAccessor288.invoke(Unknown Source)
	at sun.reflect.DelegatingMethodAccessorImpl.invoke(DelegatingMethodAccessorImpl.java:43)
	at java.lang.reflect.Method.invoke(Method.java:498)
	at org.jboss.as.ee.component.ManagedReferenceMethodInterceptor.processInvocation(ManagedReferenceMethodInterceptor.java:52)
	at org.jboss.invocation.InterceptorContext.proceed(InterceptorContext.java:422)
	at org.jboss.invocation.InterceptorContext$Invocation.proceed(InterceptorContext.java:509)
	at org.jboss.as.weld.interceptors.Jsr299BindingsInterceptor.doMethodInterception(Jsr299BindingsInterceptor.java:90)
	at org.jboss.as.weld.interceptors.Jsr299BindingsInterceptor.processInvocation(Jsr299BindingsInterceptor.java:101)
	at org.jboss.as.ee.component.interceptors.UserInterceptorFactory$1.processInvocation(UserInterceptorFactory.java:63)
	at org.jboss.invocation.InterceptorContext.proceed(InterceptorContext.java:422)
	at org.jboss.as.ejb3.component.invocationmetrics.ExecutionTimeInterceptor.processInvocation(ExecutionTimeInterceptor.java:43)
	at org.jboss.invocation.InterceptorContext.proceed(InterceptorContext.java:422)
	at org.jboss.as.jpa.interceptor.SBInvocationInterceptor.processInvocation(SBInvocationInterceptor.java:47)
	at org.jboss.invocation.InterceptorContext.proceed(InterceptorContext.java:422)
	at org.jboss.as.ee.concurrent.ConcurrentContextInterceptor.processInvocation(ConcurrentContextInterceptor.java:45)
	at org.jboss.invocation.InterceptorContext.proceed(InterceptorContext.java:422)
	at org.jboss.invocation.InitialInterceptor.processInvocation(InitialInterceptor.java:40)
	at org.jboss.invocation.InterceptorContext.proceed(InterceptorContext.java:422)
	at org.jboss.invocation.ChainedInterceptor.processInvocation(ChainedInterceptor.java:53)
	at org.jboss.as.ee.component.interceptors.ComponentDispatcherInterceptor.processInvocation(ComponentDispatcherInterceptor.java:52)
	at org.jboss.invocation.InterceptorContext.proceed(InterceptorContext.java:422)
	at org.jboss.as.ejb3.component.pool.PooledInstanceInterceptor.processInvocation(PooledInstanceInterceptor.java:51)
	at org.jboss.invocation.InterceptorContext.proceed(InterceptorContext.java:422)
	at org.jboss.as.ejb3.tx.CMTTxInterceptor.invokeInOurTx(CMTTxInterceptor.java:273)
	... 151 more


Results :

Failed tests:   testHTTPSpecificResolver(is.stma.beanpoll.test.HTTPPollerTest)

Tests in error: 
  testResponseUpdate(is.stma.beanpoll.test.ResponseTest): javax.validation.ValidationException: string is null
  testResponseDeletion(is.stma.beanpoll.test.ResponseTest): javax.validation.ValidationException: string is null
  testResponseCreation(is.stma.beanpoll.test.ResponseTest): javax.validation.ValidationException: string is null

Tests run: 82, Failures: 1, Errors: 3, Skipped: 0

[INFO] ------------------------------------------------------------------------
[INFO] BUILD FAILURE
[INFO] ------------------------------------------------------------------------
[INFO] Total time: 01:30 min
[INFO] Finished at: 2018-04-24T21:29:34-05:00
[INFO] Final Memory: 30M/345M
[INFO] ------------------------------------------------------------------------
[ERROR] Failed to execute goal org.apache.maven.plugins:maven-surefire-plugin:2.12.4:test (default-test) on project beanpoll: There are test failures.
[ERROR] 
[ERROR] Please refer to /home/nstickney/Projects/CyBearPit/beanpoll/target/surefire-reports for the individual test results.
[ERROR] -> [Help 1]
[ERROR] 
[ERROR] To see the full stack trace of the errors, re-run Maven with the -e switch.
[ERROR] Re-run Maven using the -X switch to enable full debug logging.
[ERROR] 
[ERROR] For more information about the errors and possible solutions, please read the following articles:
[ERROR] [Help 1] http://cwiki.apache.org/confluence/display/MAVEN/MojoFailureException
 => Stopping WildFly-Arquillian container
beanpoll-arqtest-wildfly
beanpoll-arqtest-wildfly
